<?xml version="1.0" encoding="UTF-8"?>
<!-- Generated by org.testng.reporters.JUnitXMLReporter -->
<testsuite ignored="0" hostname="THULASILING" failures="0" tests="7" name="End-to-End" time="127.05" errors="0" timestamp="2025-04-23T23:36:59 IST">
  <testcase classname="com.trello.testscripts.TrelloTestScripts" name="loginIntoYourAtlassainAccount" time="7.723"/>
  <testcase classname="com.trello.testscripts.TrelloTestScripts" name="CreateNewBoard" time="33.998"/>
  <testcase classname="com.trello.testscripts.TrelloTestScripts" name="addNewList" time="7.599"/>
  <testcase classname="com.trello.testscripts.TrelloTestScripts" name="listSort" time="13.384"/>
  <testcase classname="com.trello.testscripts.TrelloTestScripts" name="closeBoard" time="17.695"/>
  <testcase classname="com.trello.testscripts.TrelloTestScripts" name="permanentlyCloseBoard" time="44.141"/>
  <testcase classname="com.trello.testscripts.TrelloTestScripts" name="logoutFromYourAtlassainAccount" time="2.446"/>
</testsuite> <!-- End-to-End -->
