<?xml version="1.0" encoding="UTF-8"?>
<!-- Generated by org.testng.reporters.JUnitXMLReporter -->
<testsuite ignored="0" hostname="THULASILING" failures="0" tests="7" name="End-to-End" time="182.042" errors="0" timestamp="2025-04-23T18:41:39 IST">
  <testcase classname="com.trello.testscripts.TrelloTestScripts" name="loginIntoYourAtlassainAccount" time="9.812"/>
  <testcase classname="com.trello.testscripts.TrelloTestScripts" name="CreateNewBoard" time="35.557"/>
  <testcase classname="com.trello.testscripts.TrelloTestScripts" name="addNewList" time="7.207"/>
  <testcase classname="com.trello.testscripts.TrelloTestScripts" name="listSort" time="12.831"/>
  <testcase classname="com.trello.testscripts.TrelloTestScripts" name="closeBoard" time="17.421"/>
  <testcase classname="com.trello.testscripts.TrelloTestScripts" name="permanentlyCloseBoard" time="91.053"/>
  <testcase classname="com.trello.testscripts.TrelloTestScripts" name="logoutFromYourAtlassainAccount" time="8.045"/>
</testsuite> <!-- End-to-End -->
