<?xml version="1.0" encoding="UTF-8"?>
<!-- Generated by org.testng.reporters.JUnitXMLReporter -->
<testsuite ignored="0" hostname="THULASILING" failures="1" tests="7" name="Full End-to-End Flow" time="0.114" errors="0" timestamp="2025-04-23T17:47:58 IST">
  <testcase classname="com.trello.testscripts.TrelloTestScripts" name="loginIntoYourAtlassainAccount" time="0.011">
    <failure type="java.lang.NullPointerException" message="Cannot invoke &amp;quot;org.openqa.selenium.WebDriver.manage()&amp;quot; because &amp;quot;driver&amp;quot; is null">
      <![CDATA[java.lang.NullPointerException: Cannot invoke "org.openqa.selenium.WebDriver.manage()" because "driver" is null
at com.trello.genericutility.WebDriverUtility.implicitWait(WebDriverUtility.java:47)
at com.trello.testscripts.TrelloTestScripts.loginIntoYourAtlassainAccount(TrelloTestScripts.java:32)
at java.base/java.util.ArrayList.forEach(ArrayList.java:1597)
... Removed 25 stack frames]]>
    </failure>
  </testcase> <!-- loginIntoYourAtlassainAccount -->
  <testcase classname="com.trello.testscripts.TrelloTestScripts" name="CreateNewBoard" time="0.0">
    <skipped/>
  </testcase> <!-- CreateNewBoard -->
  <testcase classname="com.trello.testscripts.TrelloTestScripts" name="addNewList" time="0.0">
    <skipped/>
  </testcase> <!-- addNewList -->
  <testcase classname="com.trello.testscripts.TrelloTestScripts" name="listSort" time="0.0">
    <skipped/>
  </testcase> <!-- listSort -->
  <testcase classname="com.trello.testscripts.TrelloTestScripts" name="closeBoard" time="0.001">
    <skipped/>
  </testcase> <!-- closeBoard -->
  <testcase classname="com.trello.testscripts.TrelloTestScripts" name="permanentlyCloseBoard" time="0.0">
    <skipped/>
  </testcase> <!-- permanentlyCloseBoard -->
  <testcase classname="com.trello.testscripts.TrelloTestScripts" name="logoutFromYourAtlassainAccount" time="0.0">
    <skipped/>
  </testcase> <!-- logoutFromYourAtlassainAccount -->
</testsuite> <!-- Full End-to-End Flow -->
