<?xml version="1.0" encoding="UTF-8"?>
<!-- Generated by org.testng.reporters.JUnitXMLReporter -->
<testsuite ignored="0" hostname="THULASILING" failures="0" tests="4" name="Default test" time="65.634" errors="0" timestamp="2025-04-21T19:53:26 IST">
  <testcase classname="com.trello.testscripts.TrelloTestScripts" name="loginIntoYourAtlassainAccount" time="10.833"/>
  <testcase classname="com.trello.testscripts.TrelloTestScripts" name="addNewList" time="6.643"/>
  <testcase classname="com.trello.testscripts.TrelloTestScripts" name="listGame" time="45.379"/>
  <testcase classname="com.trello.testscripts.TrelloTestScripts" name="logoutFromYourAtlassainAccount" time="2.704"/>
</testsuite> <!-- Default test -->
