<?xml version="1.0" encoding="UTF-8"?>
<!-- Generated by org.testng.reporters.JUnitXMLReporter -->
<testsuite ignored="0" hostname="THULASILING" failures="0" tests="7" name="Default test" time="141.462" errors="0" timestamp="2025-04-23T16:44:23 IST">
  <testcase classname="com.trello.testscripts.TrelloTestScripts" name="loginIntoYourAtlassainAccount" time="7.551"/>
  <testcase classname="com.trello.testscripts.TrelloTestScripts" name="CreateNewBoard" time="37.725"/>
  <testcase classname="com.trello.testscripts.TrelloTestScripts" name="addNewList" time="6.989"/>
  <testcase classname="com.trello.testscripts.TrelloTestScripts" name="listSort" time="12.97"/>
  <testcase classname="com.trello.testscripts.TrelloTestScripts" name="closeBoard" time="17.023"/>
  <testcase classname="com.trello.testscripts.TrelloTestScripts" name="permanentlyCloseBoard" time="56.385"/>
  <testcase classname="com.trello.testscripts.TrelloTestScripts" name="logoutFromYourAtlassainAccount" time="2.748"/>
</testsuite> <!-- Default test -->
