<?xml version="1.0" encoding="UTF-8"?>
<!-- Generated by org.testng.reporters.JUnitXMLReporter -->
<testsuite ignored="0" hostname="THULASILING" failures="0" tests="7" name="Test cases" time="131.302" errors="0" timestamp="2025-04-23T15:08:19 IST">
  <testcase classname="com.trello.testscripts.TrelloTestScripts" name="loginIntoYourAtlassainAccount" time="9.503"/>
  <testcase classname="com.trello.testscripts.TrelloTestScripts" name="CreateNewBoard" time="40.89"/>
  <testcase classname="com.trello.testscripts.TrelloTestScripts" name="addNewList" time="6.571"/>
  <testcase classname="com.trello.testscripts.TrelloTestScripts" name="listSort" time="5.178"/>
  <testcase classname="com.trello.testscripts.TrelloTestScripts" name="closeBoard" time="17.812"/>
  <testcase classname="com.trello.testscripts.TrelloTestScripts" name="permanentlyCloseBoard" time="48.644"/>
  <testcase classname="com.trello.testscripts.TrelloTestScripts" name="logoutFromYourAtlassainAccount" time="2.652"/>
</testsuite> <!-- Test cases -->
