<?xml version="1.0" encoding="UTF-8"?>
<!-- Generated by org.testng.reporters.JUnitXMLReporter -->
<testsuite ignored="3" hostname="THULASILING" failures="1" tests="4" name="Trello Tests" time="0.079" errors="0" timestamp="2025-04-23T23:10:27 IST">
  <testcase classname="com.trello.testscripts.TrelloTestScripts" name="loginIntoYourAtlassainAccount" time="0.012">
    <failure type="java.lang.NullPointerException" message="Cannot invoke &amp;quot;org.openqa.selenium.WebDriver.manage()&amp;quot; because &amp;quot;this.driver&amp;quot; is null">
      <![CDATA[java.lang.NullPointerException: Cannot invoke "org.openqa.selenium.WebDriver.manage()" because "this.driver" is null
at com.trello.genericutility.WebDriverUtility.implicitWait(WebDriverUtility.java:49)
at com.trello.testscripts.TrelloTestScripts.loginIntoYourAtlassainAccount(TrelloTestScripts.java:34)
at java.base/java.util.ArrayList.forEach(ArrayList.java:1597)
... Removed 25 stack frames]]>
    </failure>
  </testcase> <!-- loginIntoYourAtlassainAccount -->
  <testcase classname="com.trello.testscripts.TrelloTestScripts" name="CreateNewBoard" time="0.0">
    <skipped/>
  </testcase> <!-- CreateNewBoard -->
  <testcase classname="com.trello.testscripts.TrelloTestScripts" name="addNewList" time="0.001">
    <skipped/>
  </testcase> <!-- addNewList -->
  <testcase classname="com.trello.testscripts.TrelloTestScripts" name="listSort" time="0.001">
    <skipped/>
  </testcase> <!-- listSort -->
  <testcase classname="com.trello.testscripts.TrelloTestScripts" name="permanentlyCloseBoard" time="0.0">
    <ignored/>
  </testcase> <!-- permanentlyCloseBoard -->
  <testcase classname="com.trello.testscripts.TrelloTestScripts" name="logoutFromYourAtlassainAccount" time="0.0">
    <ignored/>
  </testcase> <!-- logoutFromYourAtlassainAccount -->
  <testcase classname="com.trello.testscripts.TrelloTestScripts" name="closeBoard" time="0.0">
    <ignored/>
  </testcase> <!-- closeBoard -->
</testsuite> <!-- Trello Tests -->
