<?xml version="1.0" encoding="UTF-8"?>
<testng-results ignored="0" total="4" passed="4" failed="0" skipped="0">
  <reporter-output>
    <line>
      <![CDATA[Trello Launch page has been Displayed...]]>
    </line>
    <line>
      <![CDATA[Login To Continue page has been Displayed...]]>
    </line>
    <line>
      <![CDATA[Login Into your Account is Successful...]]>
    </line>
    <line>
      <![CDATA[List has been added Successfully...]]>
    </line>
    <line>
      <![CDATA[Trello Boards page is Displayed]]>
    </line>
    <line>
      <![CDATA[Your Trello|Atlassaian Account logout is Successful]]>
    </line>
  </reporter-output>
  <suite started-at="2025-04-21T19:52:21 IST" name="Default suite" finished-at="2025-04-21T19:53:26 IST" duration-ms="65634">
    <groups>
    </groups>
    <test started-at="2025-04-21T19:52:21 IST" name="Default test" finished-at="2025-04-21T19:53:26 IST" duration-ms="65634">
      <class name="com.trello.testscripts.TrelloTestScripts">
        <test-method is-config="true" signature="launchBrowser()[pri:0, instance:com.trello.testscripts.TrelloTestScripts@8462f31]" started-at="2025-04-21T19:52:16 IST" name="launchBrowser" finished-at="2025-04-21T19:52:21 IST" duration-ms="4878" status="PASS">
          <reporter-output>
          </reporter-output>
        </test-method> <!-- launchBrowser -->
        <test-method signature="loginIntoYourAtlassainAccount()[pri:1, instance:com.trello.testscripts.TrelloTestScripts@8462f31]" started-at="2025-04-21T19:52:21 IST" name="loginIntoYourAtlassainAccount" finished-at="2025-04-21T19:52:32 IST" duration-ms="10833" status="PASS">
          <reporter-output>
            <line>
              <![CDATA[Trello Launch page has been Displayed...]]>
            </line>
            <line>
              <![CDATA[Login To Continue page has been Displayed...]]>
            </line>
            <line>
              <![CDATA[Login Into your Account is Successful...]]>
            </line>
          </reporter-output>
        </test-method> <!-- loginIntoYourAtlassainAccount -->
        <test-method signature="addNewList()[pri:3, instance:com.trello.testscripts.TrelloTestScripts@8462f31]" started-at="2025-04-21T19:52:32 IST" name="addNewList" finished-at="2025-04-21T19:52:38 IST" duration-ms="6643" status="PASS">
          <reporter-output>
            <line>
              <![CDATA[List has been added Successfully...]]>
            </line>
          </reporter-output>
        </test-method> <!-- addNewList -->
        <test-method signature="listGame()[pri:4, instance:com.trello.testscripts.TrelloTestScripts@8462f31]" started-at="2025-04-21T19:52:38 IST" name="listGame" finished-at="2025-04-21T19:53:24 IST" duration-ms="45379" status="PASS">
          <reporter-output>
          </reporter-output>
        </test-method> <!-- listGame -->
        <test-method signature="logoutFromYourAtlassainAccount()[pri:7, instance:com.trello.testscripts.TrelloTestScripts@8462f31]" started-at="2025-04-21T19:53:24 IST" name="logoutFromYourAtlassainAccount" finished-at="2025-04-21T19:53:26 IST" duration-ms="2704" status="PASS">
          <reporter-output>
            <line>
              <![CDATA[Trello Boards page is Displayed]]>
            </line>
            <line>
              <![CDATA[Your Trello|Atlassaian Account logout is Successful]]>
            </line>
          </reporter-output>
        </test-method> <!-- logoutFromYourAtlassainAccount -->
        <test-method is-config="true" signature="quitBrowser()[pri:0, instance:com.trello.testscripts.TrelloTestScripts@8462f31]" started-at="2025-04-21T19:53:26 IST" name="quitBrowser" finished-at="2025-04-21T19:53:29 IST" duration-ms="2390" status="PASS">
          <reporter-output>
          </reporter-output>
        </test-method> <!-- quitBrowser -->
      </class> <!-- com.trello.testscripts.TrelloTestScripts -->
    </test> <!-- Default test -->
  </suite> <!-- Default suite -->
</testng-results>
