<?xml version="1.0" encoding="UTF-8"?>
<testng-results ignored="3" total="7" passed="4" failed="0" skipped="0">
  <reporter-output>
    <line>
      <![CDATA[Trello Launch page has been Displayed...]]>
    </line>
    <line>
      <![CDATA[Login To Continue page has been Displayed...]]>
    </line>
    <line>
      <![CDATA[Login Into your Account is Successful...]]>
    </line>
    <line>
      <![CDATA[Boards has been Created Successfully]]>
    </line>
    <line>
      <![CDATA[List has been added Successfully...]]>
    </line>
    <line>
      <![CDATA[Lists has been Sorted Successfully...]]>
    </line>
  </reporter-output>
  <suite started-at="2025-04-23T18:59:16 IST" name="Default suite" finished-at="2025-04-23T19:00:10 IST" duration-ms="54346">
    <groups>
      <group name="createBoard">
        <method signature="TrelloTestScripts.CreateNewBoard()[pri:0, instance:com.trello.testscripts.TrelloTestScripts@624ea235]" name="CreateNewBoard" class="com.trello.testscripts.TrelloTestScripts"/>
      </group> <!-- createBoard -->
      <group name="sortList">
        <method signature="TrelloTestScripts.listSort()[pri:0, instance:com.trello.testscripts.TrelloTestScripts@624ea235]" name="listSort" class="com.trello.testscripts.TrelloTestScripts"/>
      </group> <!-- sortList -->
      <group name="addList">
        <method signature="TrelloTestScripts.addNewList()[pri:0, instance:com.trello.testscripts.TrelloTestScripts@624ea235]" name="addNewList" class="com.trello.testscripts.TrelloTestScripts"/>
      </group> <!-- addList -->
      <group name="login">
        <method signature="TrelloTestScripts.loginIntoYourAtlassainAccount()[pri:0, instance:com.trello.testscripts.TrelloTestScripts@624ea235]" name="loginIntoYourAtlassainAccount" class="com.trello.testscripts.TrelloTestScripts"/>
      </group> <!-- login -->
    </groups>
    <test started-at="2025-04-23T18:59:16 IST" name="Default test" finished-at="2025-04-23T19:00:10 IST" duration-ms="54346">
      <class name="com.trello.testscripts.TrelloTestScripts">
        <test-method is-config="true" signature="launchBrowser()[pri:0, instance:com.trello.testscripts.TrelloTestScripts@624ea235]" started-at="2025-04-23T18:59:11 IST" name="launchBrowser" finished-at="2025-04-23T18:59:16 IST" duration-ms="4952" status="PASS">
          <reporter-output>
          </reporter-output>
        </test-method> <!-- launchBrowser -->
        <test-method signature="loginIntoYourAtlassainAccount()[pri:0, instance:com.trello.testscripts.TrelloTestScripts@624ea235]" started-at="2025-04-23T18:59:16 IST" name="loginIntoYourAtlassainAccount" finished-at="2025-04-23T18:59:25 IST" duration-ms="9126" status="PASS">
          <reporter-output>
            <line>
              <![CDATA[Trello Launch page has been Displayed...]]>
            </line>
            <line>
              <![CDATA[Login To Continue page has been Displayed...]]>
            </line>
            <line>
              <![CDATA[Login Into your Account is Successful...]]>
            </line>
          </reporter-output>
        </test-method> <!-- loginIntoYourAtlassainAccount -->
        <test-method signature="CreateNewBoard()[pri:0, instance:com.trello.testscripts.TrelloTestScripts@624ea235]" started-at="2025-04-23T18:59:25 IST" name="CreateNewBoard" depends-on-groups="login" finished-at="2025-04-23T18:59:52 IST" duration-ms="26695" status="PASS">
          <reporter-output>
            <line>
              <![CDATA[Boards has been Created Successfully]]>
            </line>
          </reporter-output>
        </test-method> <!-- CreateNewBoard -->
        <test-method signature="addNewList()[pri:0, instance:com.trello.testscripts.TrelloTestScripts@624ea235]" started-at="2025-04-23T18:59:52 IST" name="addNewList" depends-on-groups="createBoard" finished-at="2025-04-23T18:59:58 IST" duration-ms="6505" status="PASS">
          <reporter-output>
            <line>
              <![CDATA[List has been added Successfully...]]>
            </line>
          </reporter-output>
        </test-method> <!-- addNewList -->
        <test-method signature="listSort()[pri:0, instance:com.trello.testscripts.TrelloTestScripts@624ea235]" started-at="2025-04-23T18:59:58 IST" name="listSort" depends-on-groups="addList" finished-at="2025-04-23T19:00:10 IST" duration-ms="11962" status="PASS">
          <reporter-output>
            <line>
              <![CDATA[Lists has been Sorted Successfully...]]>
            </line>
          </reporter-output>
        </test-method> <!-- listSort -->
        <test-method is-config="true" signature="quitBrowser()[pri:0, instance:com.trello.testscripts.TrelloTestScripts@624ea235]" started-at="2025-04-23T19:00:10 IST" name="quitBrowser" finished-at="2025-04-23T19:00:11 IST" duration-ms="450" status="PASS">
          <reporter-output>
          </reporter-output>
        </test-method> <!-- quitBrowser -->
      </class> <!-- com.trello.testscripts.TrelloTestScripts -->
    </test> <!-- Default test -->
  </suite> <!-- Default suite -->
</testng-results>
